c:\users\schem\source\repos\schemp98\cpp_certification_course\exercise\debug\vc142.pdb
c:\users\schem\source\repos\schemp98\cpp_certification_course\exercise\debug\vc142.idb
c:\users\schem\source\repos\schemp98\cpp_certification_course\exercise\debug\vendingmachine.obj
c:\users\schem\source\repos\schemp98\cpp_certification_course\exercise\debug\unittest.obj
c:\users\schem\source\repos\schemp98\cpp_certification_course\exercise\debug\testframework.obj
c:\users\schem\source\repos\schemp98\cpp_certification_course\exercise\debug\statuspanel.obj
c:\users\schem\source\repos\schemp98\cpp_certification_course\exercise\debug\productrack.obj
c:\users\schem\source\repos\schemp98\cpp_certification_course\exercise\debug\productbutton.obj
c:\users\schem\source\repos\schemp98\cpp_certification_course\exercise\debug\product.obj
c:\users\schem\source\repos\schemp98\cpp_certification_course\exercise\debug\main.obj
c:\users\schem\source\repos\schemp98\cpp_certification_course\exercise\debug\deliverychute.obj
c:\users\schem\source\repos\schemp98\cpp_certification_course\exercise\debug\coin.obj
c:\users\schem\source\repos\schemp98\cpp_certification_course\exercise\debug\vcpkg.applocal.log
c:\users\schem\source\repos\schemp98\cpp_certification_course\debug\exercise.exe
c:\users\schem\source\repos\schemp98\cpp_certification_course\debug\exercise.ilk
c:\users\schem\source\repos\schemp98\cpp_certification_course\debug\exercise.pdb
c:\users\schem\source\repos\schemp98\cpp_certification_course\exercise\debug\exercise.tlog\cl.command.1.tlog
c:\users\schem\source\repos\schemp98\cpp_certification_course\exercise\debug\exercise.tlog\cl.read.1.tlog
c:\users\schem\source\repos\schemp98\cpp_certification_course\exercise\debug\exercise.tlog\cl.write.1.tlog
c:\users\schem\source\repos\schemp98\cpp_certification_course\exercise\debug\exercise.tlog\exercise.write.1u.tlog
c:\users\schem\source\repos\schemp98\cpp_certification_course\exercise\debug\exercise.tlog\link.command.1.tlog
c:\users\schem\source\repos\schemp98\cpp_certification_course\exercise\debug\exercise.tlog\link.read.1.tlog
c:\users\schem\source\repos\schemp98\cpp_certification_course\exercise\debug\exercise.tlog\link.write.1.tlog
